info it worked if it ends with ok
verbose cli [ 'node', '/usr/local/bin/npm', 'install' ]
info using npm@1.0.104
info using node@v0.4.12
verbose config file /Users/ericKryski/.npmrc
verbose config file /usr/local/etc/npmrc
verbose config file /usr/local/lib/node_modules/npm/npmrc
silly testEngine { name: 'Open-Desk-Network',
silly testEngine   description: 'A Place for People to Hang Their Hat',
silly testEngine   version: '0.0.1',
silly testEngine   author: 
silly testEngine    { name: 'AcceleratorYYC',
silly testEngine      email: '<directors@acceleratoryyc.com' },
silly testEngine   private: 'true',
silly testEngine   homepage: '',
silly testEngine   main: './app.js',
silly testEngine   engines: { node: '0.4.12' },
silly testEngine   repository: 
silly testEngine    { type: 'git',
silly testEngine      url: 'git@github.com:AcceleratorYYC/Open-Desk.git' },
silly testEngine   dependencies: 
silly testEngine    { express: '>=2.3.11',
silly testEngine      stache: '>=0.3.0',
silly testEngine      mongoose: '>=2.3.9',
silly testEngine      'mongoose-types': '>=1.0.3',
silly testEngine      'express-messages': '>=0.0.1',
silly testEngine      'express-validator': '>=0.1.1',
silly testEngine      juice: '>=0.0.5',
silly testEngine      nodemailer: '>=0.2.3',
silly testEngine      everyauth: '>=0.2.0',
silly testEngine      underscore: '>=1.2.1',
silly testEngine      expresso: '>=0.8.0',
silly testEngine      'node-inspector': '>=0.1.9' },
silly testEngine   devDependencies: { expresso: '>=0.8.0', 'node-inspector': '>=0.1.9' },
silly testEngine   _id: 'Open-Desk-Network@0.0.1',
silly testEngine   _engineSupported: true,
silly testEngine   _npmVersion: '1.0.104',
silly testEngine   _nodeVersion: 'v0.4.12',
silly testEngine   _defaultsLoaded: true,
silly testEngine   scripts: {} }
verbose caching /Users/ericKryski/Desktop/Development/Node/Open-Desk/package.json
verbose loadDefaults Open-Desk-Network@0.0.1
verbose where, deps [ '/Users/ericKryski/Desktop/Development/Node/Open-Desk',
verbose where, deps   [ 'express',
verbose where, deps     'stache',
verbose where, deps     'mongoose',
verbose where, deps     'mongoose-types',
verbose where, deps     'express-messages',
verbose where, deps     'express-validator',
verbose where, deps     'juice',
verbose where, deps     'nodemailer',
verbose where, deps     'everyauth',
verbose where, deps     'underscore',
verbose where, deps     'expresso',
verbose where, deps     'node-inspector' ] ]
verbose from cache /Users/ericKryski/Desktop/Development/Node/Open-Desk/package.json
info preinstall Open-Desk-Network@0.0.1
silly testEngine { name: 'stache',
silly testEngine   description: 'mustache templating for your express apps',
silly testEngine   version: '0.1.0',
silly testEngine   authors: [ 'Jacob Thornton <@fat>' ],
silly testEngine   keywords: [ 'mustache', 'express', 'stache' ],
silly testEngine   main: './index.js',
silly testEngine   engines: { node: '>= 0.4.1' },
silly testEngine   dependencies: { mustache: '>= 0.2.3', express: '>= 2.1.0' },
silly testEngine   _id: 'stache@0.1.0',
silly testEngine   devDependencies: {},
silly testEngine   _engineSupported: true,
silly testEngine   _npmVersion: '1.0.104',
silly testEngine   _nodeVersion: 'v0.4.12',
silly testEngine   _defaultsLoaded: true }
verbose caching /Users/ericKryski/Desktop/Development/Node/Open-Desk/node_modules/stache/package.json
verbose loadDefaults stache@0.1.0
verbose from cache /Users/ericKryski/Desktop/Development/Node/Open-Desk/package.json
verbose into /Users/ericKryski/Desktop/Development/Node/Open-Desk [ 'express@>=2.3.11',
verbose into /Users/ericKryski/Desktop/Development/Node/Open-Desk   'stache@>=0.3.0',
verbose into /Users/ericKryski/Desktop/Development/Node/Open-Desk   'mongoose@>=2.3.9',
verbose into /Users/ericKryski/Desktop/Development/Node/Open-Desk   'mongoose-types@>=1.0.3',
verbose into /Users/ericKryski/Desktop/Development/Node/Open-Desk   'express-messages@>=0.0.1',
verbose into /Users/ericKryski/Desktop/Development/Node/Open-Desk   'express-validator@>=0.1.1',
verbose into /Users/ericKryski/Desktop/Development/Node/Open-Desk   'juice@>=0.0.5',
verbose into /Users/ericKryski/Desktop/Development/Node/Open-Desk   'nodemailer@>=0.2.3',
verbose into /Users/ericKryski/Desktop/Development/Node/Open-Desk   'everyauth@>=0.2.0',
verbose into /Users/ericKryski/Desktop/Development/Node/Open-Desk   'underscore@>=1.2.1',
verbose into /Users/ericKryski/Desktop/Development/Node/Open-Desk   'expresso@>=0.8.0',
verbose into /Users/ericKryski/Desktop/Development/Node/Open-Desk   'node-inspector@>=0.1.9' ]
verbose from cache /Users/ericKryski/Desktop/Development/Node/Open-Desk/node_modules/stache/package.json
verbose cache add express@>=2.3.11
verbose cache add [ 'express@>=2.3.11', null ]
silly cache add: name, spec, args [ undefined,
silly cache add: name, spec, args   'express@>=2.3.11',
silly cache add: name, spec, args   [ 'express@>=2.3.11', null ] ]
verbose parsed url { pathname: 'express@', href: 'express@' }
silly cache add: name, spec, args [ 'express', '>=2.3.11', [ 'express', '>=2.3.11' ] ]
verbose parsed url { pathname: '=2.3.11', href: '=2.3.11' }
info addNamed [ 'express', '>=2.3.11' ]
verbose addNamed [ null, '>=2.3.11' ]
verbose cache add stache@>=0.3.0
verbose cache add [ 'stache@>=0.3.0', null ]
silly cache add: name, spec, args [ undefined,
silly cache add: name, spec, args   'stache@>=0.3.0',
silly cache add: name, spec, args   [ 'stache@>=0.3.0', null ] ]
verbose parsed url { pathname: 'stache@', href: 'stache@' }
silly cache add: name, spec, args [ 'stache', '>=0.3.0', [ 'stache', '>=0.3.0' ] ]
verbose parsed url { pathname: '=0.3.0', href: '=0.3.0' }
info addNamed [ 'stache', '>=0.3.0' ]
verbose addNamed [ null, '>=0.3.0' ]
verbose cache add mongoose@>=2.3.9
verbose cache add [ 'mongoose@>=2.3.9', null ]
silly cache add: name, spec, args [ undefined,
silly cache add: name, spec, args   'mongoose@>=2.3.9',
silly cache add: name, spec, args   [ 'mongoose@>=2.3.9', null ] ]
verbose parsed url { pathname: 'mongoose@', href: 'mongoose@' }
silly cache add: name, spec, args [ 'mongoose', '>=2.3.9', [ 'mongoose', '>=2.3.9' ] ]
verbose parsed url { pathname: '=2.3.9', href: '=2.3.9' }
info addNamed [ 'mongoose', '>=2.3.9' ]
verbose addNamed [ null, '>=2.3.9' ]
verbose cache add mongoose-types@>=1.0.3
verbose cache add [ 'mongoose-types@>=1.0.3', null ]
silly cache add: name, spec, args [ undefined,
silly cache add: name, spec, args   'mongoose-types@>=1.0.3',
silly cache add: name, spec, args   [ 'mongoose-types@>=1.0.3', null ] ]
verbose parsed url { pathname: 'mongoose-types@',
verbose parsed url   href: 'mongoose-types@' }
silly cache add: name, spec, args [ 'mongoose-types',
silly cache add: name, spec, args   '>=1.0.3',
silly cache add: name, spec, args   [ 'mongoose-types', '>=1.0.3' ] ]
verbose parsed url { pathname: '=1.0.3', href: '=1.0.3' }
info addNamed [ 'mongoose-types', '>=1.0.3' ]
verbose addNamed [ null, '>=1.0.3' ]
verbose cache add express-messages@>=0.0.1
verbose cache add [ 'express-messages@>=0.0.1', null ]
silly cache add: name, spec, args [ undefined,
silly cache add: name, spec, args   'express-messages@>=0.0.1',
silly cache add: name, spec, args   [ 'express-messages@>=0.0.1', null ] ]
verbose parsed url { pathname: 'express-messages@',
verbose parsed url   href: 'express-messages@' }
silly cache add: name, spec, args [ 'express-messages',
silly cache add: name, spec, args   '>=0.0.1',
silly cache add: name, spec, args   [ 'express-messages', '>=0.0.1' ] ]
verbose parsed url { pathname: '=0.0.1', href: '=0.0.1' }
info addNamed [ 'express-messages', '>=0.0.1' ]
verbose addNamed [ null, '>=0.0.1' ]
verbose cache add express-validator@>=0.1.1
verbose cache add [ 'express-validator@>=0.1.1', null ]
silly cache add: name, spec, args [ undefined,
silly cache add: name, spec, args   'express-validator@>=0.1.1',
silly cache add: name, spec, args   [ 'express-validator@>=0.1.1', null ] ]
verbose parsed url { pathname: 'express-validator@',
verbose parsed url   href: 'express-validator@' }
silly cache add: name, spec, args [ 'express-validator',
silly cache add: name, spec, args   '>=0.1.1',
silly cache add: name, spec, args   [ 'express-validator', '>=0.1.1' ] ]
verbose parsed url { pathname: '=0.1.1', href: '=0.1.1' }
info addNamed [ 'express-validator', '>=0.1.1' ]
verbose addNamed [ null, '>=0.1.1' ]
verbose cache add juice@>=0.0.5
verbose cache add [ 'juice@>=0.0.5', null ]
silly cache add: name, spec, args [ undefined,
silly cache add: name, spec, args   'juice@>=0.0.5',
silly cache add: name, spec, args   [ 'juice@>=0.0.5', null ] ]
verbose parsed url { pathname: 'juice@', href: 'juice@' }
silly cache add: name, spec, args [ 'juice', '>=0.0.5', [ 'juice', '>=0.0.5' ] ]
verbose parsed url { pathname: '=0.0.5', href: '=0.0.5' }
info addNamed [ 'juice', '>=0.0.5' ]
verbose addNamed [ null, '>=0.0.5' ]
verbose cache add nodemailer@>=0.2.3
verbose cache add [ 'nodemailer@>=0.2.3', null ]
silly cache add: name, spec, args [ undefined,
silly cache add: name, spec, args   'nodemailer@>=0.2.3',
silly cache add: name, spec, args   [ 'nodemailer@>=0.2.3', null ] ]
verbose parsed url { pathname: 'nodemailer@', href: 'nodemailer@' }
silly cache add: name, spec, args [ 'nodemailer',
silly cache add: name, spec, args   '>=0.2.3',
silly cache add: name, spec, args   [ 'nodemailer', '>=0.2.3' ] ]
verbose parsed url { pathname: '=0.2.3', href: '=0.2.3' }
info addNamed [ 'nodemailer', '>=0.2.3' ]
verbose addNamed [ null, '>=0.2.3' ]
verbose cache add everyauth@>=0.2.0
verbose cache add [ 'everyauth@>=0.2.0', null ]
silly cache add: name, spec, args [ undefined,
silly cache add: name, spec, args   'everyauth@>=0.2.0',
silly cache add: name, spec, args   [ 'everyauth@>=0.2.0', null ] ]
verbose parsed url { pathname: 'everyauth@', href: 'everyauth@' }
silly cache add: name, spec, args [ 'everyauth', '>=0.2.0', [ 'everyauth', '>=0.2.0' ] ]
verbose parsed url { pathname: '=0.2.0', href: '=0.2.0' }
info addNamed [ 'everyauth', '>=0.2.0' ]
verbose addNamed [ null, '>=0.2.0' ]
verbose cache add underscore@>=1.2.1
verbose cache add [ 'underscore@>=1.2.1', null ]
silly cache add: name, spec, args [ undefined,
silly cache add: name, spec, args   'underscore@>=1.2.1',
silly cache add: name, spec, args   [ 'underscore@>=1.2.1', null ] ]
verbose parsed url { pathname: 'underscore@', href: 'underscore@' }
silly cache add: name, spec, args [ 'underscore',
silly cache add: name, spec, args   '>=1.2.1',
silly cache add: name, spec, args   [ 'underscore', '>=1.2.1' ] ]
verbose parsed url { pathname: '=1.2.1', href: '=1.2.1' }
info addNamed [ 'underscore', '>=1.2.1' ]
verbose addNamed [ null, '>=1.2.1' ]
verbose cache add expresso@>=0.8.0
verbose cache add [ 'expresso@>=0.8.0', null ]
silly cache add: name, spec, args [ undefined,
silly cache add: name, spec, args   'expresso@>=0.8.0',
silly cache add: name, spec, args   [ 'expresso@>=0.8.0', null ] ]
verbose parsed url { pathname: 'expresso@', href: 'expresso@' }
silly cache add: name, spec, args [ 'expresso', '>=0.8.0', [ 'expresso', '>=0.8.0' ] ]
verbose parsed url { pathname: '=0.8.0', href: '=0.8.0' }
info addNamed [ 'expresso', '>=0.8.0' ]
verbose addNamed [ null, '>=0.8.0' ]
verbose cache add node-inspector@>=0.1.9
verbose cache add [ 'node-inspector@>=0.1.9', null ]
silly cache add: name, spec, args [ undefined,
silly cache add: name, spec, args   'node-inspector@>=0.1.9',
silly cache add: name, spec, args   [ 'node-inspector@>=0.1.9', null ] ]
verbose parsed url { pathname: 'node-inspector@',
verbose parsed url   href: 'node-inspector@' }
silly cache add: name, spec, args [ 'node-inspector',
silly cache add: name, spec, args   '>=0.1.9',
silly cache add: name, spec, args   [ 'node-inspector', '>=0.1.9' ] ]
verbose parsed url { pathname: '=0.1.9', href: '=0.1.9' }
info addNamed [ 'node-inspector', '>=0.1.9' ]
verbose addNamed [ null, '>=0.1.9' ]
verbose GET stache
verbose raw, before any munging stache
verbose url resolving [ 'https://registry.npmjs.org/', './stache' ]
verbose url resolved https://registry.npmjs.org/stache
verbose etag "DYRKNSD6ZBR26ZJOEF81C639D"
verbose GET mongoose-types
verbose raw, before any munging mongoose-types
verbose url resolving [ 'https://registry.npmjs.org/', './mongoose-types' ]
verbose url resolved https://registry.npmjs.org/mongoose-types
verbose etag "F3AR7FDBPRK7BSYRJWD86RZBP"
verbose GET express-messages
verbose raw, before any munging express-messages
verbose url resolving [ 'https://registry.npmjs.org/',
verbose url resolving   './express-messages' ]
verbose url resolved https://registry.npmjs.org/express-messages
verbose etag "82EGK77IRMXT9WYOONR6DQPWJ"
verbose GET express-validator
verbose raw, before any munging express-validator
verbose url resolving [ 'https://registry.npmjs.org/',
verbose url resolving   './express-validator' ]
verbose url resolved https://registry.npmjs.org/express-validator
verbose etag "49HI120AEG5EYFEO1S0JIWNDU"
verbose GET juice
verbose raw, before any munging juice
verbose url resolving [ 'https://registry.npmjs.org/', './juice' ]
verbose url resolved https://registry.npmjs.org/juice
verbose etag "DWKTU6ZAI1SFYIDGSVAD07JM6"
verbose GET nodemailer
verbose raw, before any munging nodemailer
verbose url resolving [ 'https://registry.npmjs.org/', './nodemailer' ]
verbose url resolved https://registry.npmjs.org/nodemailer
verbose etag "8A5WZQOU22OIL3BD6ABBKRU68"
verbose GET everyauth
verbose raw, before any munging everyauth
verbose url resolving [ 'https://registry.npmjs.org/', './everyauth' ]
verbose url resolved https://registry.npmjs.org/everyauth
verbose etag "7YF9L18OQLPGJ1ZJWF9CUS3H2"
verbose GET underscore
verbose raw, before any munging underscore
verbose url resolving [ 'https://registry.npmjs.org/', './underscore' ]
verbose url resolved https://registry.npmjs.org/underscore
verbose etag "69YEPZJKM4EREPDAF8CYZJN19"
verbose GET express
verbose raw, before any munging express
verbose url resolving [ 'https://registry.npmjs.org/', './express' ]
verbose url resolved https://registry.npmjs.org/express
verbose etag "68AVTOK6I7DBN915HQO2SVX5E"
verbose GET expresso
verbose raw, before any munging expresso
verbose url resolving [ 'https://registry.npmjs.org/', './expresso' ]
verbose url resolved https://registry.npmjs.org/expresso
verbose etag "4ASSUXLV9D0TRV7O8AFA0K4W8"
verbose GET node-inspector
verbose raw, before any munging node-inspector
verbose url resolving [ 'https://registry.npmjs.org/', './node-inspector' ]
verbose url resolved https://registry.npmjs.org/node-inspector
verbose etag "8SVRWQVMCI5LUTAFP7AM6D6DU"
verbose GET mongoose
verbose raw, before any munging mongoose
verbose url resolving [ 'https://registry.npmjs.org/', './mongoose' ]
verbose url resolved https://registry.npmjs.org/mongoose
verbose etag "BVNR8UGVSH3PC1X1ZQNI6V8U6"
silly get cb [ 304,
silly get cb   { server: 'CouchDB/1.1.0 (Erlang OTP/R14B04)',
silly get cb     etag: '"49HI120AEG5EYFEO1S0JIWNDU"',
silly get cb     date: 'Sat, 19 Nov 2011 04:10:35 GMT',
silly get cb     'content-length': '0' } ]
verbose etag express-validator from cache
verbose GET express-validator/0.1.1
verbose raw, before any munging express-validator/0.1.1
verbose url resolving [ 'https://registry.npmjs.org/',
verbose url resolving   './express-validator/0.1.1' ]
verbose url resolved https://registry.npmjs.org/express-validator/0.1.1
verbose etag "49HI120AEG5EYFEO1S0JIWNDU"
silly get cb [ 304,
silly get cb   { server: 'CouchDB/1.1.0 (Erlang OTP/R14B04)',
silly get cb     etag: '"F3AR7FDBPRK7BSYRJWD86RZBP"',
silly get cb     date: 'Sat, 19 Nov 2011 04:10:35 GMT',
silly get cb     'content-length': '0' } ]
verbose etag mongoose-types from cache
silly get cb [ 304,
silly get cb   { server: 'CouchDB/1.1.0 (Erlang OTP/R14B04)',
silly get cb     etag: '"DYRKNSD6ZBR26ZJOEF81C639D"',
silly get cb     date: 'Sat, 19 Nov 2011 04:10:35 GMT',
silly get cb     'content-length': '0' } ]
verbose etag stache from cache
silly get cb [ 304,
silly get cb   { server: 'CouchDB/1.1.0 (Erlang OTP/R14B04)',
silly get cb     etag: '"82EGK77IRMXT9WYOONR6DQPWJ"',
silly get cb     date: 'Sat, 19 Nov 2011 04:10:35 GMT',
silly get cb     'content-length': '0' } ]
verbose etag express-messages from cache
ERR! Error: Not found: stache@'>=0.3.0'
ERR! Valid install targets:
ERR! ["latest","0.0.1","0.0.2","0.0.3","0.0.4","0.1.0"]
ERR!     at installTargetsError (/usr/local/lib/node_modules/npm/lib/cache.js:410:10)
ERR!     at /usr/local/lib/node_modules/npm/lib/cache.js:403:17
ERR!     at saved (/usr/local/lib/node_modules/npm/lib/utils/npm-registry-client/get.js:136:7)
ERR!     at cb (/usr/local/lib/node_modules/npm/node_modules/graceful-fs/graceful-fs.js:36:9)
ERR! Report this *entire* log at:
ERR!     <http://github.com/isaacs/npm/issues>
ERR! or email it to:
ERR!     <npm-@googlegroups.com>
ERR! 
ERR! System Darwin 11.2.0
ERR! command "node" "/usr/local/bin/npm" "install"
ERR! cwd /Users/ericKryski/Desktop/Development/Node/Open-Desk
ERR! node -v v0.4.12
ERR! npm -v 1.0.104
verbose exit [ 1, true ]
